<?xml version="1.0" encoding="UTF-8"?>
<!-- Generated by org.testng.reporters.JUnitXMLReporter -->
<testsuite hostname="PUNITP349827D" name="Default test(failed)" tests="1" failures="1" timestamp="23 Jun 2016 09:36:54 GMT" time="0.153" errors="0">
  <testcase name="@AfterMethod teardown" time="0.0" classname="TestScripts.ExtentReportSample">
    <failure type="java.lang.NullPointerException">
      <![CDATA[java.lang.NullPointerException
	at TestScripts.ExtentReportSample.teardown(ExtentReportSample.java:48)
	at TestRuns.RunFailedTc.main(RunFailedTc.java:16)
... Removed 23 stack frames]]>
    </failure>
  </testcase> <!-- @AfterMethod teardown -->
  <testcase name="verifyblogTest" time="0.116" classname="TestScripts.ExtentReportSample">
    <failure type="org.openqa.selenium.WebDriverException" message="Cannot find firefox binary in PATH. Make sure firefox is installed. OS appears to be: WIN8_1
Build info: version: &amp;apos;2.51.0&amp;apos;, revision: &amp;apos;1af067d&amp;apos;, time: &amp;apos;2016-02-05 19:11:55&amp;apos;
System info: host: &amp;apos;PUNITP349827D&amp;apos;, ip: &amp;apos;10.76.171.155&amp;apos;, os.name: &amp;apos;Windows 8.1&amp;apos;, os.arch: &amp;apos;x86&amp;apos;, os.version: &amp;apos;6.3&amp;apos;, java.version: &amp;apos;1.7.0_76&amp;apos;
Driver info: driver.version: FirefoxDriver">
      <![CDATA[org.openqa.selenium.WebDriverException: Cannot find firefox binary in PATH. Make sure firefox is installed. OS appears to be: WIN8_1
Build info: version: '2.51.0', revision: '1af067d', time: '2016-02-05 19:11:55'
System info: host: 'PUNITP349827D', ip: '10.76.171.155', os.name: 'Windows 8.1', os.arch: 'x86', os.version: '6.3', java.version: '1.7.0_76'
Driver info: driver.version: FirefoxDriver
	at org.openqa.selenium.firefox.internal.Executable.<init>(Executable.java:74)
	at org.openqa.selenium.firefox.FirefoxBinary.<init>(FirefoxBinary.java:60)
	at org.openqa.selenium.firefox.FirefoxBinary.<init>(FirefoxBinary.java:56)
	at org.openqa.selenium.firefox.FirefoxDriver.<init>(FirefoxDriver.java:120)
	at TestScripts.ExtentReportSample.verifyblogTest(ExtentReportSample.java:23)
	at TestRuns.RunFailedTc.main(RunFailedTc.java:16)
... Removed 21 stack frames]]>
    </failure>
  </testcase> <!-- verifyblogTest -->
</testsuite> <!-- Default test(failed) -->
